  circle_detection.cpp
c:\project\app\term_project\src\circle_taehwa.h(118): warning C4244: '=': 'double'에서 'float'(으)로 변환하면서 데이터가 손실될 수 있습니다.
c:\project\app\term_project\src\circle_taehwa.h(121): warning C4244: '=': 'float'에서 '_Ty'(으)로 변환하면서 데이터가 손실될 수 있습니다.
          with
          [
              _Ty=int
          ]
c:\project\app\term_project\src\circle_taehwa.h(131): warning C4244: '=': 'double'에서 'float'(으)로 변환하면서 데이터가 손실될 수 있습니다.
c:\project\app\term_project\src\circle_taehwa.h(134): warning C4244: '=': 'float'에서 '_Ty'(으)로 변환하면서 데이터가 손실될 수 있습니다.
          with
          [
              _Ty=int
          ]
c:\project\app\term_project\src\circle_taehwa.h(147): warning C4244: '=': 'double'에서 'float'(으)로 변환하면서 데이터가 손실될 수 있습니다.
c:\project\app\term_project\src\circle_taehwa.h(150): warning C4244: '=': 'float'에서 '_Ty'(으)로 변환하면서 데이터가 손실될 수 있습니다.
          with
          [
              _Ty=int
          ]
c:\project\app\term_project\src\circle_taehwa.h(160): warning C4244: '=': 'double'에서 'float'(으)로 변환하면서 데이터가 손실될 수 있습니다.
c:\project\app\term_project\src\circle_taehwa.h(163): warning C4244: '=': 'float'에서 '_Ty'(으)로 변환하면서 데이터가 손실될 수 있습니다.
          with
          [
              _Ty=int
          ]
c:\project\app\term_project\src\circle_taehwa.h(198): warning C4244: '=': '_Ty'에서 'float'(으)로 변환하면서 데이터가 손실될 수 있습니다.
          with
          [
              _Ty=int
          ]
c:\project\app\term_project\src\circle_taehwa.h(201): warning C4244: '=': 'int'에서 '_Tp'(으)로 변환하면서 데이터가 손실될 수 있습니다.
          with
          [
              _Tp=float
          ]
c:\project\app\term_project\src\circle_taehwa.h(202): warning C4244: '=': 'int'에서 '_Tp'(으)로 변환하면서 데이터가 손실될 수 있습니다.
          with
          [
              _Tp=float
          ]
c:\project\app\term_project\src\circle_detection.cpp(63): warning C4996: 'fopen': This function or variable may be unsafe. Consider using fopen_s instead. To disable deprecation, use _CRT_SECURE_NO_WARNINGS. See online help for details.
  c:\program files (x86)\windows kits\10\include\10.0.17134.0\ucrt\stdio.h(208): note: 'fopen' 선언을 참조하십시오.
  circle_detection.vcxproj -> C:\project\app\term_project\bin\Debug\circle_detection.exe
